{"/Users/willjean/Desktop/Proyectos/Node/node-testing/src/app/server_app/server/Server.ts": {"path":"/Users/willjean/Desktop/Proyectos/Node/node-testing/src/app/server_app/server/Server.ts","statementMap":{"0":{"start":{"line":1,"column":0},"end":{"line":1,"column":90}},"1":{"start":{"line":2,"column":0},"end":{"line":2,"column":48}},"2":{"start":{"line":3,"column":0},"end":{"line":3,"column":72}},"3":{"start":{"line":4,"column":0},"end":{"line":4,"column":56}},"4":{"start":{"line":5,"column":0},"end":{"line":5,"column":62}},"5":{"start":{"line":6,"column":0},"end":{"line":6,"column":70}},"6":{"start":{"line":7,"column":0},"end":{"line":7,"column":50}},"7":{"start":{"line":12,"column":12},"end":{"line":12,"column":42}},"8":{"start":{"line":13,"column":12},"end":{"line":13,"column":66}},"9":{"start":{"line":16,"column":8},"end":{"line":21,"column":11}},"10":{"start":{"line":16,"column":54},"end":{"line":21,"column":10}},"11":{"start":{"line":17,"column":12},"end":{"line":17,"column":73}},"12":{"start":{"line":18,"column":12},"end":{"line":18,"column":54}},"13":{"start":{"line":19,"column":12},"end":{"line":19,"column":47}},"14":{"start":{"line":20,"column":12},"end":{"line":20,"column":22}},"15":{"start":{"line":22,"column":8},"end":{"line":22,"column":33}},"16":{"start":{"line":23,"column":8},"end":{"line":23,"column":null}},"17":{"start":{"line":27,"column":8},"end":{"line":46,"column":null}},"18":{"start":{"line":28,"column":26},"end":{"line":28,"column":55}},"19":{"start":{"line":29,"column":12},"end":{"line":42,"column":null}},"20":{"start":{"line":31,"column":20},"end":{"line":31,"column":98}},"21":{"start":{"line":32,"column":20},"end":{"line":32,"column":26}},"22":{"start":{"line":34,"column":20},"end":{"line":34,"column":95}},"23":{"start":{"line":35,"column":20},"end":{"line":35,"column":26}},"24":{"start":{"line":37,"column":40},"end":{"line":37,"column":128}},"25":{"start":{"line":38,"column":20},"end":{"line":38,"column":54}},"26":{"start":{"line":39,"column":20},"end":{"line":39,"column":26}},"27":{"start":{"line":41,"column":20},"end":{"line":41,"column":26}},"28":{"start":{"line":44,"column":12},"end":{"line":44,"column":null}},"29":{"start":{"line":45,"column":12},"end":{"line":45,"column":31}},"30":{"start":{"line":50,"column":26},"end":{"line":50,"column":37}},"31":{"start":{"line":51,"column":8},"end":{"line":53,"column":null}},"32":{"start":{"line":52,"column":12},"end":{"line":52,"column":43}},"33":{"start":{"line":57,"column":8},"end":{"line":60,"column":null}},"34":{"start":{"line":58,"column":12},"end":{"line":58,"column":32}},"35":{"start":{"line":59,"column":12},"end":{"line":59,"column":null}},"36":{"start":{"line":9,"column":0},"end":{"line":9,"column":13}}},"fnMap":{"0":{"name":"(anonymous_7)","decl":{"start":{"line":9,"column":0},"end":{"line":9,"column":13}},"loc":{"start":{"line":9,"column":0},"end":{"line":62,"column":1}}},"1":{"name":"(anonymous_8)","decl":{"start":{"line":15,"column":17},"end":{"line":15,"column":28}},"loc":{"start":{"line":15,"column":28},"end":{"line":24,"column":null}}},"2":{"name":"(anonymous_10)","decl":{"start":{"line":16,"column":35},"end":{"line":16,"column":42}},"loc":{"start":{"line":16,"column":54},"end":{"line":21,"column":10}}},"3":{"name":"(anonymous_11)","decl":{"start":{"line":16,"column":54},"end":{"line":16,"column":null}},"loc":{"start":{"line":16,"column":54},"end":{"line":21,"column":9}}},"4":{"name":"(anonymous_12)","decl":{"start":{"line":26,"column":18},"end":{"line":26,"column":31}},"loc":{"start":{"line":26,"column":82},"end":{"line":47,"column":null}}},"5":{"name":"(anonymous_14)","decl":{"start":{"line":49,"column":12},"end":{"line":49,"column":27}},"loc":{"start":{"line":49,"column":52},"end":{"line":54,"column":5}}},"6":{"name":"(anonymous_15)","decl":{"start":{"line":56,"column":17},"end":{"line":56,"column":27}},"loc":{"start":{"line":56,"column":27},"end":{"line":61,"column":null}}}},"branchMap":{"0":{"loc":{"start":{"line":29,"column":12},"end":{"line":42,"column":null}},"type":"switch","locations":[{"start":{"line":30,"column":16},"end":{"line":32,"column":26}},{"start":{"line":33,"column":16},"end":{"line":35,"column":26}},{"start":{"line":36,"column":16},"end":{"line":39,"column":26}},{"start":{"line":40,"column":16},"end":{"line":41,"column":26}}]},"1":{"loc":{"start":{"line":51,"column":8},"end":{"line":53,"column":null}},"type":"if","locations":[{"start":{"line":51,"column":8},"end":{"line":53,"column":null}}]},"2":{"loc":{"start":{"line":57,"column":8},"end":{"line":60,"column":null}},"type":"if","locations":[{"start":{"line":57,"column":8},"end":{"line":60,"column":null}}]}},"s":{"0":1,"1":1,"2":1,"3":1,"4":1,"5":1,"6":1,"7":6,"8":6,"9":6,"10":6,"11":6,"12":6,"13":6,"14":6,"15":6,"16":6,"17":6,"18":6,"19":6,"20":1,"21":1,"22":1,"23":1,"24":3,"25":3,"26":2,"27":1,"28":1,"29":1,"30":6,"31":6,"32":5,"33":1,"34":1,"35":1,"36":1},"f":{"0":6,"1":6,"2":6,"3":6,"4":6,"5":6,"6":1},"b":{"0":[1,1,3,1],"1":[5],"2":[1]}}
}
