{"/Users/willjean/Desktop/Proyectos/Node/node-testing/src/app/server_app/auth/Authorizer.ts": {"path":"/Users/willjean/Desktop/Proyectos/Node/node-testing/src/app/server_app/auth/Authorizer.ts","statementMap":{"0":{"start":{"line":1,"column":0},"end":{"line":1,"column":72}},"1":{"start":{"line":2,"column":0},"end":{"line":2,"column":78}},"2":{"start":{"line":9,"column":12},"end":{"line":9,"column":66}},"3":{"start":{"line":10,"column":12},"end":{"line":10,"column":72}},"4":{"start":{"line":13,"column":29},"end":{"line":13,"column":84}},"5":{"start":{"line":14,"column":8},"end":{"line":14,"column":28}},"6":{"start":{"line":18,"column":23},"end":{"line":22,"column":10}},"7":{"start":{"line":23,"column":8},"end":{"line":23,"column":22}},"8":{"start":{"line":27,"column":21},"end":{"line":27,"column":85}},"9":{"start":{"line":28,"column":8},"end":{"line":31,"column":null}},"10":{"start":{"line":29,"column":28},"end":{"line":29,"column":81}},"11":{"start":{"line":30,"column":12},"end":{"line":30,"column":27}},"12":{"start":{"line":35,"column":8},"end":{"line":35,"column":67}},"13":{"start":{"line":7,"column":0},"end":{"line":7,"column":13}}},"fnMap":{"0":{"name":"(anonymous_7)","decl":{"start":{"line":7,"column":0},"end":{"line":7,"column":13}},"loc":{"start":{"line":7,"column":0},"end":{"line":37,"column":1}}},"1":{"name":"(anonymous_8)","decl":{"start":{"line":12,"column":17},"end":{"line":12,"column":30}},"loc":{"start":{"line":12,"column":46},"end":{"line":15,"column":null}}},"2":{"name":"(anonymous_10)","decl":{"start":{"line":17,"column":17},"end":{"line":17,"column":29}},"loc":{"start":{"line":17,"column":64},"end":{"line":24,"column":null}}},"3":{"name":"(anonymous_12)","decl":{"start":{"line":26,"column":17},"end":{"line":26,"column":22}},"loc":{"start":{"line":26,"column":57},"end":{"line":32,"column":null}}},"4":{"name":"(anonymous_14)","decl":{"start":{"line":34,"column":17},"end":{"line":34,"column":23}},"loc":{"start":{"line":34,"column":39},"end":{"line":36,"column":null}}}},"branchMap":{"0":{"loc":{"start":{"line":28,"column":8},"end":{"line":31,"column":null}},"type":"if","locations":[{"start":{"line":28,"column":8},"end":{"line":31,"column":null}}]},"1":{"loc":{"start":{"line":28,"column":12},"end":{"line":28,"column":46}},"type":"binary-expr","locations":[{"start":{"line":28,"column":12},"end":{"line":28,"column":16}},{"start":{"line":28,"column":20},"end":{"line":28,"column":46}}]}},"s":{"0":1,"1":1,"2":0,"3":0,"4":0,"5":0,"6":0,"7":0,"8":0,"9":0,"10":0,"11":0,"12":0,"13":1},"f":{"0":0,"1":0,"2":0,"3":0,"4":0},"b":{"0":[0],"1":[0,0]}}
,"/Users/willjean/Desktop/Proyectos/Node/node-testing/src/app/server_app/data/DataBase.ts": {"path":"/Users/willjean/Desktop/Proyectos/Node/node-testing/src/app/server_app/data/DataBase.ts","statementMap":{"0":{"start":{"line":1,"column":0},"end":{"line":1,"column":49}},"1":{"start":{"line":9,"column":12},"end":{"line":9,"column":38}},"2":{"start":{"line":12,"column":8},"end":{"line":12,"column":36}},"3":{"start":{"line":13,"column":8},"end":{"line":13,"column":32}},"4":{"start":{"line":14,"column":8},"end":{"line":14,"column":22}},"5":{"start":{"line":18,"column":8},"end":{"line":18,"column":null}},"6":{"start":{"line":18,"column":39},"end":{"line":18,"column":62}},"7":{"start":{"line":22,"column":8},"end":{"line":22,"column":null}},"8":{"start":{"line":22,"column":41},"end":{"line":22,"column":64}},"9":{"start":{"line":26,"column":22},"end":{"line":26,"column":63}},"10":{"start":{"line":26,"column":51},"end":{"line":26,"column":62}},"11":{"start":{"line":27,"column":8},"end":{"line":27,"column":49}},"12":{"start":{"line":31,"column":22},"end":{"line":31,"column":63}},"13":{"start":{"line":31,"column":51},"end":{"line":31,"column":62}},"14":{"start":{"line":32,"column":8},"end":{"line":32,"column":39}},"15":{"start":{"line":36,"column":8},"end":{"line":36,"column":29}},"16":{"start":{"line":7,"column":0},"end":{"line":7,"column":13}}},"fnMap":{"0":{"name":"(anonymous_7)","decl":{"start":{"line":7,"column":0},"end":{"line":7,"column":13}},"loc":{"start":{"line":7,"column":0},"end":{"line":39,"column":1}}},"1":{"name":"(anonymous_8)","decl":{"start":{"line":11,"column":17},"end":{"line":11,"column":23}},"loc":{"start":{"line":11,"column":30},"end":{"line":15,"column":null}}},"2":{"name":"(anonymous_10)","decl":{"start":{"line":17,"column":17},"end":{"line":17,"column":22}},"loc":{"start":{"line":17,"column":56},"end":{"line":19,"column":null}}},"3":{"name":"(anonymous_12)","decl":{"start":{"line":18,"column":34},"end":{"line":18,"column":35}},"loc":{"start":{"line":18,"column":39},"end":{"line":18,"column":62}}},"4":{"name":"(anonymous_13)","decl":{"start":{"line":21,"column":17},"end":{"line":21,"column":26}},"loc":{"start":{"line":21,"column":60},"end":{"line":23,"column":null}}},"5":{"name":"(anonymous_15)","decl":{"start":{"line":22,"column":36},"end":{"line":22,"column":37}},"loc":{"start":{"line":22,"column":41},"end":{"line":22,"column":64}}},"6":{"name":"(anonymous_16)","decl":{"start":{"line":25,"column":17},"end":{"line":25,"column":23}},"loc":{"start":{"line":25,"column":66},"end":{"line":28,"column":null}}},"7":{"name":"(anonymous_18)","decl":{"start":{"line":26,"column":46},"end":{"line":26,"column":47}},"loc":{"start":{"line":26,"column":51},"end":{"line":26,"column":62}}},"8":{"name":"(anonymous_19)","decl":{"start":{"line":30,"column":17},"end":{"line":30,"column":23}},"loc":{"start":{"line":30,"column":34},"end":{"line":33,"column":null}}},"9":{"name":"(anonymous_21)","decl":{"start":{"line":31,"column":46},"end":{"line":31,"column":47}},"loc":{"start":{"line":31,"column":51},"end":{"line":31,"column":62}}},"10":{"name":"(anonymous_22)","decl":{"start":{"line":35,"column":17},"end":{"line":35,"column":31}},"loc":{"start":{"line":35,"column":31},"end":{"line":37,"column":null}}}},"branchMap":{},"s":{"0":3,"1":6,"2":7,"3":7,"4":7,"5":3,"6":2,"7":1,"8":1,"9":1,"10":1,"11":1,"12":1,"13":1,"14":1,"15":1,"16":3},"f":{"0":6,"1":7,"2":3,"3":2,"4":1,"5":1,"6":1,"7":1,"8":1,"9":1,"10":1},"b":{}}
,"/Users/willjean/Desktop/Proyectos/Node/node-testing/src/app/server_app/data/IdGenerator.ts": {"path":"/Users/willjean/Desktop/Proyectos/Node/node-testing/src/app/server_app/data/IdGenerator.ts","statementMap":{"0":{"start":{"line":1,"column":0},"end":{"line":1,"column":36}},"1":{"start":{"line":4,"column":21},"end":{"line":4,"column":52}},"2":{"start":{"line":5,"column":4},"end":{"line":5,"column":20}},"3":{"start":{"line":3,"column":0},"end":{"line":3,"column":16}}},"fnMap":{"0":{"name":"generateRandomId","decl":{"start":{"line":3,"column":16},"end":{"line":3,"column":32}},"loc":{"start":{"line":3,"column":32},"end":{"line":6,"column":1}}}},"branchMap":{},"s":{"0":4,"1":1,"2":1,"3":4},"f":{"0":1},"b":{}}
,"/Users/willjean/Desktop/Proyectos/Node/node-testing/src/app/server_app/data/ReservationsDataAccess.ts": {"path":"/Users/willjean/Desktop/Proyectos/Node/node-testing/src/app/server_app/data/ReservationsDataAccess.ts","statementMap":{"0":{"start":{"line":2,"column":0},"end":{"line":2,"column":38}},"1":{"start":{"line":6,"column":12},"end":{"line":6,"column":63}},"2":{"start":{"line":9,"column":19},"end":{"line":9,"column":70}},"3":{"start":{"line":10,"column":8},"end":{"line":10,"column":18}},"4":{"start":{"line":14,"column":8},"end":{"line":18,"column":null}},"5":{"start":{"line":22,"column":8},"end":{"line":22,"column":62}},"6":{"start":{"line":26,"column":22},"end":{"line":26,"column":80}},"7":{"start":{"line":27,"column":7},"end":{"line":27,"column":21}},"8":{"start":{"line":31,"column":23},"end":{"line":31,"column":71}},"9":{"start":{"line":32,"column":8},"end":{"line":32,"column":22}},"10":{"start":{"line":4,"column":0},"end":{"line":4,"column":13}}},"fnMap":{"0":{"name":"(anonymous_7)","decl":{"start":{"line":4,"column":0},"end":{"line":4,"column":13}},"loc":{"start":{"line":4,"column":0},"end":{"line":34,"column":1}}},"1":{"name":"(anonymous_8)","decl":{"start":{"line":8,"column":17},"end":{"line":8,"column":34}},"loc":{"start":{"line":8,"column":59},"end":{"line":11,"column":null}}},"2":{"name":"(anonymous_10)","decl":{"start":{"line":13,"column":17},"end":{"line":13,"column":34}},"loc":{"start":{"line":13,"column":94},"end":{"line":19,"column":null}}},"3":{"name":"(anonymous_12)","decl":{"start":{"line":21,"column":17},"end":{"line":21,"column":34}},"loc":{"start":{"line":21,"column":56},"end":{"line":23,"column":null}}},"4":{"name":"(anonymous_14)","decl":{"start":{"line":25,"column":17},"end":{"line":25,"column":31}},"loc":{"start":{"line":25,"column":53},"end":{"line":28,"column":null}}},"5":{"name":"(anonymous_16)","decl":{"start":{"line":30,"column":17},"end":{"line":30,"column":35}},"loc":{"start":{"line":30,"column":35},"end":{"line":33,"column":null}}}},"branchMap":{},"s":{"0":2,"1":5,"2":1,"3":1,"4":1,"5":1,"6":1,"7":1,"8":1,"9":1,"10":2},"f":{"0":5,"1":1,"2":1,"3":1,"4":1,"5":1},"b":{}}
,"/Users/willjean/Desktop/Proyectos/Node/node-testing/src/app/server_app/data/SessionTokenDataAccess.ts": {"path":"/Users/willjean/Desktop/Proyectos/Node/node-testing/src/app/server_app/data/SessionTokenDataAccess.ts","statementMap":{"0":{"start":{"line":2,"column":0},"end":{"line":2,"column":38}},"1":{"start":{"line":8,"column":12},"end":{"line":8,"column":65}},"2":{"start":{"line":11,"column":25},"end":{"line":16,"column":10}},"3":{"start":{"line":17,"column":8},"end":{"line":17,"column":62}},"4":{"start":{"line":18,"column":8},"end":{"line":18,"column":23}},"5":{"start":{"line":22,"column":8},"end":{"line":22,"column":73}},"6":{"start":{"line":26,"column":8},"end":{"line":26,"column":64}},"7":{"start":{"line":27,"column":29},"end":{"line":29,"column":null}},"8":{"start":{"line":31,"column":8},"end":{"line":33,"column":null}},"9":{"start":{"line":32,"column":12},"end":{"line":32,"column":null}},"10":{"start":{"line":34,"column":8},"end":{"line":34,"column":21}},"11":{"start":{"line":38,"column":8},"end":{"line":38,"column":53}},"12":{"start":{"line":6,"column":0},"end":{"line":6,"column":13}}},"fnMap":{"0":{"name":"(anonymous_7)","decl":{"start":{"line":6,"column":0},"end":{"line":6,"column":13}},"loc":{"start":{"line":6,"column":0},"end":{"line":40,"column":1}}},"1":{"name":"(anonymous_8)","decl":{"start":{"line":10,"column":17},"end":{"line":10,"column":30}},"loc":{"start":{"line":10,"column":44},"end":{"line":19,"column":null}}},"2":{"name":"(anonymous_10)","decl":{"start":{"line":21,"column":17},"end":{"line":21,"column":32}},"loc":{"start":{"line":21,"column":48},"end":{"line":23,"column":null}}},"3":{"name":"(anonymous_12)","decl":{"start":{"line":25,"column":17},"end":{"line":25,"column":29}},"loc":{"start":{"line":25,"column":45},"end":{"line":35,"column":null}}},"4":{"name":"(anonymous_14)","decl":{"start":{"line":37,"column":12},"end":{"line":37,"column":34}},"loc":{"start":{"line":37,"column":34},"end":{"line":39,"column":5}}}},"branchMap":{"0":{"loc":{"start":{"line":31,"column":8},"end":{"line":33,"column":null}},"type":"if","locations":[{"start":{"line":31,"column":8},"end":{"line":33,"column":null}}]}},"s":{"0":2,"1":4,"2":1,"3":1,"4":1,"5":1,"6":2,"7":2,"8":2,"9":1,"10":1,"11":1,"12":2},"f":{"0":4,"1":1,"2":1,"3":2,"4":1},"b":{"0":[1]}}
,"/Users/willjean/Desktop/Proyectos/Node/node-testing/src/app/server_app/data/UserCredentialsDataAccess.ts": {"path":"/Users/willjean/Desktop/Proyectos/Node/node-testing/src/app/server_app/data/UserCredentialsDataAccess.ts","statementMap":{"0":{"start":{"line":2,"column":0},"end":{"line":2,"column":38}},"1":{"start":{"line":6,"column":10},"end":{"line":6,"column":60}},"2":{"start":{"line":9,"column":22},"end":{"line":9,"column":69}},"3":{"start":{"line":10,"column":4},"end":{"line":10,"column":21}},"4":{"start":{"line":14,"column":17},"end":{"line":14,"column":67}},"5":{"start":{"line":15,"column":4},"end":{"line":15,"column":16}},"6":{"start":{"line":19,"column":17},"end":{"line":19,"column":79}},"7":{"start":{"line":20,"column":4},"end":{"line":20,"column":16}},"8":{"start":{"line":4,"column":0},"end":{"line":4,"column":13}}},"fnMap":{"0":{"name":"(anonymous_7)","decl":{"start":{"line":4,"column":0},"end":{"line":4,"column":13}},"loc":{"start":{"line":4,"column":0},"end":{"line":22,"column":1}}},"1":{"name":"(anonymous_8)","decl":{"start":{"line":8,"column":15},"end":{"line":8,"column":22}},"loc":{"start":{"line":8,"column":36},"end":{"line":11,"column":null}}},"2":{"name":"(anonymous_10)","decl":{"start":{"line":13,"column":15},"end":{"line":13,"column":26}},"loc":{"start":{"line":13,"column":37},"end":{"line":16,"column":null}}},"3":{"name":"(anonymous_12)","decl":{"start":{"line":18,"column":15},"end":{"line":18,"column":32}},"loc":{"start":{"line":18,"column":49},"end":{"line":21,"column":null}}}},"branchMap":{},"s":{"0":2,"1":3,"2":1,"3":1,"4":1,"5":1,"6":1,"7":1,"8":2},"f":{"0":3,"1":1,"2":1,"3":1},"b":{}}
,"/Users/willjean/Desktop/Proyectos/Node/node-testing/src/app/server_app/handlers/LoginHandler.ts": {"path":"/Users/willjean/Desktop/Proyectos/Node/node-testing/src/app/server_app/handlers/LoginHandler.ts","statementMap":{"0":{"start":{"line":4,"column":0},"end":{"line":4,"column":64}},"1":{"start":{"line":5,"column":0},"end":{"line":5,"column":48}},"2":{"start":{"line":17,"column":8},"end":{"line":17,"column":31}},"3":{"start":{"line":18,"column":8},"end":{"line":18,"column":33}},"4":{"start":{"line":19,"column":8},"end":{"line":19,"column":37}},"5":{"start":{"line":23,"column":8},"end":{"line":29,"column":null}},"6":{"start":{"line":25,"column":16},"end":{"line":25,"column":40}},"7":{"start":{"line":26,"column":16},"end":{"line":26,"column":22}},"8":{"start":{"line":28,"column":16},"end":{"line":28,"column":22}},"9":{"start":{"line":33,"column":37},"end":{"line":33,"column":71}},"10":{"start":{"line":34,"column":8},"end":{"line":48,"column":null}},"11":{"start":{"line":35,"column":26},"end":{"line":37,"column":null}},"12":{"start":{"line":39,"column":12},"end":{"line":46,"column":null}},"13":{"start":{"line":40,"column":16},"end":{"line":40,"column":62}},"14":{"start":{"line":41,"column":16},"end":{"line":41,"column":100}},"15":{"start":{"line":42,"column":16},"end":{"line":42,"column":61}},"16":{"start":{"line":44,"column":16},"end":{"line":44,"column":64}},"17":{"start":{"line":45,"column":16},"end":{"line":45,"column":82}},"18":{"start":{"line":47,"column":12},"end":{"line":47,"column":19}},"19":{"start":{"line":49,"column":8},"end":{"line":49,"column":58}},"20":{"start":{"line":50,"column":8},"end":{"line":50,"column":96}},"21":{"start":{"line":51,"column":8},"end":{"line":51,"column":78}},"22":{"start":{"line":10,"column":0},"end":{"line":10,"column":13}}},"fnMap":{"0":{"name":"(anonymous_7)","decl":{"start":{"line":16,"column":4},"end":{"line":16,"column":23}},"loc":{"start":{"line":16,"column":97},"end":{"line":20,"column":5}}},"1":{"name":"(anonymous_8)","decl":{"start":{"line":22,"column":17},"end":{"line":22,"column":30}},"loc":{"start":{"line":22,"column":30},"end":{"line":30,"column":null}}},"2":{"name":"(anonymous_10)","decl":{"start":{"line":32,"column":18},"end":{"line":32,"column":28}},"loc":{"start":{"line":32,"column":28},"end":{"line":52,"column":null}}}},"branchMap":{"0":{"loc":{"start":{"line":23,"column":8},"end":{"line":29,"column":null}},"type":"switch","locations":[{"start":{"line":24,"column":12},"end":{"line":26,"column":22}},{"start":{"line":27,"column":12},"end":{"line":28,"column":22}}]},"1":{"loc":{"start":{"line":34,"column":8},"end":{"line":48,"column":null}},"type":"if","locations":[{"start":{"line":34,"column":8},"end":{"line":48,"column":null}}]},"2":{"loc":{"start":{"line":34,"column":11},"end":{"line":34,"column":55}},"type":"binary-expr","locations":[{"start":{"line":34,"column":11},"end":{"line":34,"column":31}},{"start":{"line":34,"column":35},"end":{"line":34,"column":55}}]},"3":{"loc":{"start":{"line":39,"column":12},"end":{"line":46,"column":null}},"type":"if","locations":[{"start":{"line":39,"column":12},"end":{"line":46,"column":null}},{"start":{"line":43,"column":19},"end":{"line":46,"column":null}}]}},"s":{"0":2,"1":2,"2":4,"3":4,"4":4,"5":4,"6":3,"7":3,"8":1,"9":3,"10":3,"11":2,"12":2,"13":1,"14":1,"15":1,"16":1,"17":1,"18":2,"19":1,"20":1,"21":1,"22":2},"f":{"0":4,"1":4,"2":3},"b":{"0":[3,1],"1":[2],"2":[3,2],"3":[1,1]}}
,"/Users/willjean/Desktop/Proyectos/Node/node-testing/src/app/server_app/handlers/RegisterHandler.ts": {"path":"/Users/willjean/Desktop/Proyectos/Node/node-testing/src/app/server_app/handlers/RegisterHandler.ts","statementMap":{"0":{"start":{"line":4,"column":0},"end":{"line":4,"column":64}},"1":{"start":{"line":5,"column":0},"end":{"line":5,"column":48}},"2":{"start":{"line":15,"column":8},"end":{"line":15,"column":31}},"3":{"start":{"line":16,"column":8},"end":{"line":16,"column":33}},"4":{"start":{"line":17,"column":8},"end":{"line":17,"column":37}},"5":{"start":{"line":21,"column":8},"end":{"line":27,"column":null}},"6":{"start":{"line":23,"column":16},"end":{"line":23,"column":40}},"7":{"start":{"line":24,"column":16},"end":{"line":24,"column":22}},"8":{"start":{"line":26,"column":16},"end":{"line":26,"column":22}},"9":{"start":{"line":32,"column":37},"end":{"line":32,"column":71}},"10":{"start":{"line":33,"column":8},"end":{"line":41,"column":null}},"11":{"start":{"line":34,"column":27},"end":{"line":34,"column":105}},"12":{"start":{"line":35,"column":12},"end":{"line":35,"column":58}},"13":{"start":{"line":36,"column":12},"end":{"line":36,"column":96}},"14":{"start":{"line":37,"column":12},"end":{"line":39,"column":16}},"15":{"start":{"line":40,"column":12},"end":{"line":40,"column":19}},"16":{"start":{"line":42,"column":8},"end":{"line":42,"column":58}},"17":{"start":{"line":43,"column":8},"end":{"line":43,"column":96}},"18":{"start":{"line":44,"column":8},"end":{"line":44,"column":78}},"19":{"start":{"line":8,"column":0},"end":{"line":8,"column":13}}},"fnMap":{"0":{"name":"(anonymous_7)","decl":{"start":{"line":14,"column":4},"end":{"line":14,"column":23}},"loc":{"start":{"line":14,"column":97},"end":{"line":18,"column":5}}},"1":{"name":"(anonymous_8)","decl":{"start":{"line":20,"column":17},"end":{"line":20,"column":30}},"loc":{"start":{"line":20,"column":30},"end":{"line":28,"column":null}}},"2":{"name":"(anonymous_10)","decl":{"start":{"line":31,"column":18},"end":{"line":31,"column":28}},"loc":{"start":{"line":31,"column":28},"end":{"line":46,"column":null}}}},"branchMap":{"0":{"loc":{"start":{"line":21,"column":8},"end":{"line":27,"column":null}},"type":"switch","locations":[{"start":{"line":22,"column":12},"end":{"line":24,"column":22}},{"start":{"line":25,"column":12},"end":{"line":26,"column":22}}]},"1":{"loc":{"start":{"line":33,"column":8},"end":{"line":41,"column":null}},"type":"if","locations":[{"start":{"line":33,"column":8},"end":{"line":41,"column":null}}]},"2":{"loc":{"start":{"line":33,"column":11},"end":{"line":33,"column":55}},"type":"binary-expr","locations":[{"start":{"line":33,"column":11},"end":{"line":33,"column":31}},{"start":{"line":33,"column":35},"end":{"line":33,"column":55}}]}},"s":{"0":2,"1":2,"2":3,"3":3,"4":3,"5":3,"6":2,"7":2,"8":1,"9":2,"10":2,"11":1,"12":1,"13":1,"14":1,"15":1,"16":1,"17":1,"18":1,"19":2},"f":{"0":3,"1":3,"2":2},"b":{"0":[2,1],"1":[1],"2":[2,1]}}
,"/Users/willjean/Desktop/Proyectos/Node/node-testing/src/app/server_app/handlers/ReservationsHandler.ts": {"path":"/Users/willjean/Desktop/Proyectos/Node/node-testing/src/app/server_app/handlers/ReservationsHandler.ts","statementMap":{"0":{"start":{"line":5,"column":0},"end":{"line":5,"column":64}},"1":{"start":{"line":6,"column":0},"end":{"line":6,"column":48}},"2":{"start":{"line":21,"column":8},"end":{"line":21,"column":31}},"3":{"start":{"line":22,"column":8},"end":{"line":22,"column":33}},"4":{"start":{"line":23,"column":8},"end":{"line":23,"column":37}},"5":{"start":{"line":24,"column":8},"end":{"line":24,"column":61}},"6":{"start":{"line":28,"column":29},"end":{"line":28,"column":63}},"7":{"start":{"line":29,"column":8},"end":{"line":33,"column":null}},"8":{"start":{"line":30,"column":12},"end":{"line":30,"column":63}},"9":{"start":{"line":31,"column":12},"end":{"line":31,"column":75}},"10":{"start":{"line":32,"column":12},"end":{"line":32,"column":19}},"11":{"start":{"line":35,"column":8},"end":{"line":54,"column":null}},"12":{"start":{"line":36,"column":12},"end":{"line":51,"column":null}},"13":{"start":{"line":38,"column":20},"end":{"line":38,"column":44}},"14":{"start":{"line":39,"column":20},"end":{"line":39,"column":26}},"15":{"start":{"line":41,"column":20},"end":{"line":41,"column":43}},"16":{"start":{"line":42,"column":20},"end":{"line":42,"column":26}},"17":{"start":{"line":44,"column":20},"end":{"line":44,"column":43}},"18":{"start":{"line":45,"column":20},"end":{"line":45,"column":26}},"19":{"start":{"line":47,"column":20},"end":{"line":47,"column":46}},"20":{"start":{"line":48,"column":20},"end":{"line":48,"column":26}},"21":{"start":{"line":50,"column":20},"end":{"line":50,"column":26}},"22":{"start":{"line":58,"column":24},"end":{"line":58,"column":58}},"23":{"start":{"line":59,"column":8},"end":{"line":62,"column":null}},"24":{"start":{"line":60,"column":28},"end":{"line":60,"column":72}},"25":{"start":{"line":61,"column":12},"end":{"line":61,"column":27}},"26":{"start":{"line":63,"column":8},"end":{"line":63,"column":21}},"27":{"start":{"line":67,"column":41},"end":{"line":67,"column":75}},"28":{"start":{"line":68,"column":8},"end":{"line":72,"column":null}},"29":{"start":{"line":69,"column":12},"end":{"line":69,"column":62}},"30":{"start":{"line":70,"column":12},"end":{"line":70,"column":75}},"31":{"start":{"line":71,"column":12},"end":{"line":71,"column":19}},"32":{"start":{"line":74,"column":30},"end":{"line":74,"column":94}},"33":{"start":{"line":75,"column":8},"end":{"line":75,"column":54}},"34":{"start":{"line":76,"column":8},"end":{"line":76,"column":92}},"35":{"start":{"line":77,"column":8},"end":{"line":77,"column":63}},"36":{"start":{"line":81,"column":19},"end":{"line":81,"column":38}},"37":{"start":{"line":82,"column":8},"end":{"line":87,"column":null}},"38":{"start":{"line":83,"column":36},"end":{"line":83,"column":90}},"39":{"start":{"line":84,"column":12},"end":{"line":84,"column":91}},"40":{"start":{"line":85,"column":12},"end":{"line":85,"column":65}},"41":{"start":{"line":86,"column":12},"end":{"line":86,"column":19}},"42":{"start":{"line":88,"column":8},"end":{"line":102,"column":null}},"43":{"start":{"line":89,"column":32},"end":{"line":89,"column":84}},"44":{"start":{"line":90,"column":12},"end":{"line":96,"column":null}},"45":{"start":{"line":91,"column":16},"end":{"line":91,"column":95}},"46":{"start":{"line":92,"column":16},"end":{"line":92,"column":65}},"47":{"start":{"line":94,"column":16},"end":{"line":94,"column":64}},"48":{"start":{"line":95,"column":16},"end":{"line":95,"column":91}},"49":{"start":{"line":98,"column":12},"end":{"line":98,"column":62}},"50":{"start":{"line":99,"column":12},"end":{"line":101,"column":15}},"51":{"start":{"line":105,"column":19},"end":{"line":105,"column":38}},"52":{"start":{"line":106,"column":8},"end":{"line":135,"column":null}},"53":{"start":{"line":107,"column":32},"end":{"line":107,"column":84}},"54":{"start":{"line":108,"column":12},"end":{"line":129,"column":null}},"55":{"start":{"line":109,"column":58},"end":{"line":109,"column":92}},"56":{"start":{"line":110,"column":16},"end":{"line":125,"column":null}},"57":{"start":{"line":111,"column":20},"end":{"line":117,"column":null}},"58":{"start":{"line":112,"column":24},"end":{"line":116,"column":null}},"59":{"start":{"line":118,"column":20},"end":{"line":118,"column":99}},"60":{"start":{"line":119,"column":20},"end":{"line":119,"column":116}},"61":{"start":{"line":121,"column":20},"end":{"line":121,"column":70}},"62":{"start":{"line":122,"column":20},"end":{"line":124,"column":23}},"63":{"start":{"line":127,"column":16},"end":{"line":127,"column":64}},"64":{"start":{"line":128,"column":16},"end":{"line":128,"column":91}},"65":{"start":{"line":131,"column":12},"end":{"line":131,"column":62}},"66":{"start":{"line":132,"column":12},"end":{"line":134,"column":15}},"67":{"start":{"line":139,"column":19},"end":{"line":139,"column":38}},"68":{"start":{"line":140,"column":8},"end":{"line":150,"column":null}},"69":{"start":{"line":141,"column":12},"end":{"line":141,"column":68}},"70":{"start":{"line":142,"column":12},"end":{"line":142,"column":53}},"71":{"start":{"line":143,"column":12},"end":{"line":143,"column":85}},"72":{"start":{"line":146,"column":12},"end":{"line":146,"column":62}},"73":{"start":{"line":147,"column":12},"end":{"line":149,"column":15}},"74":{"start":{"line":154,"column":26},"end":{"line":154,"column":42}},"75":{"start":{"line":155,"column":8},"end":{"line":157,"column":null}},"76":{"start":{"line":156,"column":12},"end":{"line":156,"column":43}},"77":{"start":{"line":161,"column":8},"end":{"line":163,"column":null}},"78":{"start":{"line":162,"column":12},"end":{"line":162,"column":25}},"79":{"start":{"line":164,"column":48},"end":{"line":170,"column":null}},"80":{"start":{"line":171,"column":32},"end":{"line":171,"column":63}},"81":{"start":{"line":172,"column":27},"end":{"line":172,"column":32}},"82":{"start":{"line":173,"column":27},"end":{"line":173,"column":31}},"83":{"start":{"line":174,"column":8},"end":{"line":180,"column":null}},"84":{"start":{"line":175,"column":12},"end":{"line":179,"column":null}},"85":{"start":{"line":176,"column":16},"end":{"line":176,"column":36}},"86":{"start":{"line":178,"column":16},"end":{"line":178,"column":37}},"87":{"start":{"line":181,"column":8},"end":{"line":181,"column":44}},"88":{"start":{"line":185,"column":8},"end":{"line":187,"column":null}},"89":{"start":{"line":186,"column":12},"end":{"line":186,"column":25}},"90":{"start":{"line":188,"column":57},"end":{"line":194,"column":null}},"91":{"start":{"line":195,"column":32},"end":{"line":195,"column":63}},"92":{"start":{"line":196,"column":27},"end":{"line":196,"column":31}},"93":{"start":{"line":197,"column":8},"end":{"line":201,"column":null}},"94":{"start":{"line":198,"column":12},"end":{"line":200,"column":null}},"95":{"start":{"line":199,"column":16},"end":{"line":199,"column":37}},"96":{"start":{"line":202,"column":8},"end":{"line":202,"column":28}},"97":{"start":{"line":10,"column":0},"end":{"line":10,"column":13}}},"fnMap":{"0":{"name":"(anonymous_7)","decl":{"start":{"line":17,"column":4},"end":{"line":17,"column":23}},"loc":{"start":{"line":20,"column":54},"end":{"line":25,"column":5}}},"1":{"name":"(anonymous_8)","decl":{"start":{"line":27,"column":17},"end":{"line":27,"column":30}},"loc":{"start":{"line":27,"column":30},"end":{"line":55,"column":null}}},"2":{"name":"(anonymous_10)","decl":{"start":{"line":57,"column":18},"end":{"line":57,"column":39}},"loc":{"start":{"line":57,"column":39},"end":{"line":64,"column":null}}},"3":{"name":"(anonymous_12)","decl":{"start":{"line":66,"column":18},"end":{"line":66,"column":28}},"loc":{"start":{"line":66,"column":28},"end":{"line":78,"column":null}}},"4":{"name":"(anonymous_14)","decl":{"start":{"line":80,"column":18},"end":{"line":80,"column":27}},"loc":{"start":{"line":80,"column":27},"end":{"line":103,"column":null}}},"5":{"name":"(anonymous_16)","decl":{"start":{"line":104,"column":18},"end":{"line":104,"column":27}},"loc":{"start":{"line":104,"column":27},"end":{"line":137,"column":null}}},"6":{"name":"(anonymous_18)","decl":{"start":{"line":138,"column":18},"end":{"line":138,"column":30}},"loc":{"start":{"line":138,"column":30},"end":{"line":151,"column":null}}},"7":{"name":"(anonymous_20)","decl":{"start":{"line":153,"column":12},"end":{"line":153,"column":24}},"loc":{"start":{"line":153,"column":24},"end":{"line":158,"column":5}}},"8":{"name":"(anonymous_21)","decl":{"start":{"line":160,"column":12},"end":{"line":160,"column":37}},"loc":{"start":{"line":160,"column":71},"end":{"line":182,"column":5}}},"9":{"name":"(anonymous_22)","decl":{"start":{"line":184,"column":12},"end":{"line":184,"column":30}},"loc":{"start":{"line":184,"column":55},"end":{"line":203,"column":5}}}},"branchMap":{"0":{"loc":{"start":{"line":29,"column":8},"end":{"line":33,"column":null}},"type":"if","locations":[{"start":{"line":29,"column":8},"end":{"line":33,"column":null}}]},"1":{"loc":{"start":{"line":36,"column":12},"end":{"line":51,"column":null}},"type":"switch","locations":[{"start":{"line":37,"column":16},"end":{"line":39,"column":26}},{"start":{"line":40,"column":16},"end":{"line":42,"column":26}},{"start":{"line":43,"column":16},"end":{"line":45,"column":26}},{"start":{"line":46,"column":16},"end":{"line":48,"column":26}},{"start":{"line":49,"column":16},"end":{"line":50,"column":26}}]},"2":{"loc":{"start":{"line":59,"column":8},"end":{"line":62,"column":null}},"type":"if","locations":[{"start":{"line":59,"column":8},"end":{"line":62,"column":null}}]},"3":{"loc":{"start":{"line":68,"column":8},"end":{"line":72,"column":null}},"type":"if","locations":[{"start":{"line":68,"column":8},"end":{"line":72,"column":null}}]},"4":{"loc":{"start":{"line":82,"column":8},"end":{"line":87,"column":null}},"type":"if","locations":[{"start":{"line":82,"column":8},"end":{"line":87,"column":null}}]},"5":{"loc":{"start":{"line":88,"column":8},"end":{"line":102,"column":null}},"type":"if","locations":[{"start":{"line":88,"column":8},"end":{"line":102,"column":null}},{"start":{"line":97,"column":15},"end":{"line":102,"column":null}}]},"6":{"loc":{"start":{"line":90,"column":12},"end":{"line":96,"column":null}},"type":"if","locations":[{"start":{"line":90,"column":12},"end":{"line":96,"column":null}},{"start":{"line":93,"column":19},"end":{"line":96,"column":null}}]},"7":{"loc":{"start":{"line":106,"column":8},"end":{"line":135,"column":null}},"type":"if","locations":[{"start":{"line":106,"column":8},"end":{"line":135,"column":null}},{"start":{"line":130,"column":15},"end":{"line":135,"column":null}}]},"8":{"loc":{"start":{"line":108,"column":12},"end":{"line":129,"column":null}},"type":"if","locations":[{"start":{"line":108,"column":12},"end":{"line":129,"column":null}},{"start":{"line":126,"column":19},"end":{"line":129,"column":null}}]},"9":{"loc":{"start":{"line":110,"column":16},"end":{"line":125,"column":null}},"type":"if","locations":[{"start":{"line":110,"column":16},"end":{"line":125,"column":null}},{"start":{"line":120,"column":23},"end":{"line":125,"column":null}}]},"10":{"loc":{"start":{"line":140,"column":8},"end":{"line":150,"column":null}},"type":"if","locations":[{"start":{"line":140,"column":8},"end":{"line":150,"column":null}},{"start":{"line":145,"column":15},"end":{"line":150,"column":null}}]},"11":{"loc":{"start":{"line":155,"column":8},"end":{"line":157,"column":null}},"type":"if","locations":[{"start":{"line":155,"column":8},"end":{"line":157,"column":null}}]},"12":{"loc":{"start":{"line":161,"column":8},"end":{"line":163,"column":null}},"type":"if","locations":[{"start":{"line":161,"column":8},"end":{"line":163,"column":null}}]},"13":{"loc":{"start":{"line":175,"column":12},"end":{"line":179,"column":null}},"type":"if","locations":[{"start":{"line":175,"column":12},"end":{"line":179,"column":null}},{"start":{"line":177,"column":19},"end":{"line":179,"column":null}}]},"14":{"loc":{"start":{"line":181,"column":15},"end":{"line":181,"column":43}},"type":"binary-expr","locations":[{"start":{"line":181,"column":15},"end":{"line":181,"column":27}},{"start":{"line":181,"column":31},"end":{"line":181,"column":43}}]},"15":{"loc":{"start":{"line":185,"column":8},"end":{"line":187,"column":null}},"type":"if","locations":[{"start":{"line":185,"column":8},"end":{"line":187,"column":null}}]},"16":{"loc":{"start":{"line":198,"column":12},"end":{"line":200,"column":null}},"type":"if","locations":[{"start":{"line":198,"column":12},"end":{"line":200,"column":null}}]}},"s":{"0":2,"1":2,"2":16,"3":16,"4":16,"5":16,"6":16,"7":16,"8":1,"9":1,"10":1,"11":15,"12":15,"13":3,"14":3,"15":4,"16":4,"17":5,"18":5,"19":2,"20":2,"21":1,"22":16,"23":16,"24":15,"25":15,"26":1,"27":3,"28":3,"29":2,"30":2,"31":2,"32":1,"33":1,"34":1,"35":1,"36":4,"37":4,"38":1,"39":1,"40":1,"41":1,"42":3,"43":2,"44":2,"45":1,"46":1,"47":1,"48":1,"49":1,"50":1,"51":5,"52":5,"53":4,"54":4,"55":3,"56":3,"57":1,"58":1,"59":1,"60":1,"61":2,"62":2,"63":1,"64":1,"65":1,"66":1,"67":2,"68":2,"69":1,"70":1,"71":1,"72":1,"73":1,"74":11,"75":11,"76":11,"77":3,"78":1,"79":2,"80":2,"81":2,"82":2,"83":2,"84":2,"85":1,"86":1,"87":2,"88":3,"89":1,"90":2,"91":2,"92":2,"93":2,"94":6,"95":1,"96":2,"97":2},"f":{"0":16,"1":16,"2":16,"3":3,"4":4,"5":5,"6":2,"7":11,"8":3,"9":3},"b":{"0":[1],"1":[3,4,5,2,1],"2":[15],"3":[2],"4":[1],"5":[2,1],"6":[1,1],"7":[4,1],"8":[3,1],"9":[1,2],"10":[1,1],"11":[11],"12":[1],"13":[1,1],"14":[2,1],"15":[1],"16":[1]}}
,"/Users/willjean/Desktop/Proyectos/Node/node-testing/src/app/server_app/model/ServerModel.ts": {"path":"/Users/willjean/Desktop/Proyectos/Node/node-testing/src/app/server_app/model/ServerModel.ts","statementMap":{"0":{"start":{"line":1,"column":0},"end":{"line":1,"column":null}},"1":{"start":{"line":2,"column":4},"end":{"line":2,"column":null}},"2":{"start":{"line":3,"column":4},"end":{"line":3,"column":null}},"3":{"start":{"line":4,"column":4},"end":{"line":4,"column":null}},"4":{"start":{"line":5,"column":4},"end":{"line":5,"column":null}},"5":{"start":{"line":6,"column":4},"end":{"line":6,"column":null}},"6":{"start":{"line":7,"column":4},"end":{"line":7,"column":null}},"7":{"start":{"line":10,"column":0},"end":{"line":10,"column":null}},"8":{"start":{"line":11,"column":4},"end":{"line":11,"column":null}},"9":{"start":{"line":12,"column":4},"end":{"line":12,"column":null}},"10":{"start":{"line":13,"column":4},"end":{"line":13,"column":null}},"11":{"start":{"line":14,"column":4},"end":{"line":14,"column":null}},"12":{"start":{"line":15,"column":4},"end":{"line":15,"column":null}}},"fnMap":{"0":{"name":"(anonymous_0)","decl":{"start":{"line":1,"column":0},"end":{"line":1,"column":12}},"loc":{"start":{"line":1,"column":22},"end":{"line":8,"column":1}}},"1":{"name":"(anonymous_1)","decl":{"start":{"line":10,"column":0},"end":{"line":10,"column":12}},"loc":{"start":{"line":10,"column":24},"end":{"line":16,"column":1}}}},"branchMap":{"0":{"loc":{"start":{"line":1,"column":12},"end":{"line":1,"column":null}},"type":"binary-expr","locations":[{"start":{"line":1,"column":12},"end":{"line":1,"column":22}},{"start":{"line":1,"column":22},"end":{"line":1,"column":null}}]},"1":{"loc":{"start":{"line":10,"column":12},"end":{"line":10,"column":null}},"type":"binary-expr","locations":[{"start":{"line":10,"column":12},"end":{"line":10,"column":24}},{"start":{"line":10,"column":24},"end":{"line":10,"column":null}}]}},"s":{"0":7,"1":7,"2":7,"3":7,"4":7,"5":7,"6":7,"7":7,"8":7,"9":7,"10":7,"11":7,"12":7},"f":{"0":7,"1":7},"b":{"0":[7,7],"1":[7,7]}}
,"/Users/willjean/Desktop/Proyectos/Node/node-testing/src/app/server_app/server/Server.ts": {"path":"/Users/willjean/Desktop/Proyectos/Node/node-testing/src/app/server_app/server/Server.ts","statementMap":{"0":{"start":{"line":1,"column":0},"end":{"line":1,"column":90}},"1":{"start":{"line":2,"column":0},"end":{"line":2,"column":48}},"2":{"start":{"line":3,"column":0},"end":{"line":3,"column":72}},"3":{"start":{"line":4,"column":0},"end":{"line":4,"column":56}},"4":{"start":{"line":5,"column":0},"end":{"line":5,"column":62}},"5":{"start":{"line":6,"column":0},"end":{"line":6,"column":70}},"6":{"start":{"line":7,"column":0},"end":{"line":7,"column":50}},"7":{"start":{"line":12,"column":12},"end":{"line":12,"column":42}},"8":{"start":{"line":13,"column":12},"end":{"line":13,"column":66}},"9":{"start":{"line":16,"column":8},"end":{"line":21,"column":11}},"10":{"start":{"line":16,"column":54},"end":{"line":21,"column":10}},"11":{"start":{"line":17,"column":12},"end":{"line":17,"column":73}},"12":{"start":{"line":18,"column":12},"end":{"line":18,"column":54}},"13":{"start":{"line":19,"column":12},"end":{"line":19,"column":47}},"14":{"start":{"line":20,"column":12},"end":{"line":20,"column":22}},"15":{"start":{"line":22,"column":8},"end":{"line":22,"column":33}},"16":{"start":{"line":23,"column":8},"end":{"line":23,"column":null}},"17":{"start":{"line":27,"column":8},"end":{"line":46,"column":null}},"18":{"start":{"line":28,"column":26},"end":{"line":28,"column":55}},"19":{"start":{"line":29,"column":12},"end":{"line":42,"column":null}},"20":{"start":{"line":31,"column":20},"end":{"line":31,"column":98}},"21":{"start":{"line":32,"column":20},"end":{"line":32,"column":26}},"22":{"start":{"line":34,"column":20},"end":{"line":34,"column":95}},"23":{"start":{"line":35,"column":20},"end":{"line":35,"column":26}},"24":{"start":{"line":37,"column":40},"end":{"line":37,"column":128}},"25":{"start":{"line":38,"column":20},"end":{"line":38,"column":54}},"26":{"start":{"line":39,"column":20},"end":{"line":39,"column":26}},"27":{"start":{"line":41,"column":20},"end":{"line":41,"column":26}},"28":{"start":{"line":44,"column":12},"end":{"line":44,"column":null}},"29":{"start":{"line":45,"column":12},"end":{"line":45,"column":31}},"30":{"start":{"line":50,"column":26},"end":{"line":50,"column":37}},"31":{"start":{"line":51,"column":8},"end":{"line":53,"column":null}},"32":{"start":{"line":52,"column":12},"end":{"line":52,"column":43}},"33":{"start":{"line":57,"column":8},"end":{"line":60,"column":null}},"34":{"start":{"line":58,"column":12},"end":{"line":58,"column":32}},"35":{"start":{"line":59,"column":12},"end":{"line":59,"column":null}},"36":{"start":{"line":9,"column":0},"end":{"line":9,"column":13}}},"fnMap":{"0":{"name":"(anonymous_7)","decl":{"start":{"line":9,"column":0},"end":{"line":9,"column":13}},"loc":{"start":{"line":9,"column":0},"end":{"line":62,"column":1}}},"1":{"name":"(anonymous_8)","decl":{"start":{"line":15,"column":17},"end":{"line":15,"column":28}},"loc":{"start":{"line":15,"column":28},"end":{"line":24,"column":null}}},"2":{"name":"(anonymous_10)","decl":{"start":{"line":16,"column":35},"end":{"line":16,"column":42}},"loc":{"start":{"line":16,"column":54},"end":{"line":21,"column":10}}},"3":{"name":"(anonymous_11)","decl":{"start":{"line":16,"column":54},"end":{"line":16,"column":null}},"loc":{"start":{"line":16,"column":54},"end":{"line":21,"column":9}}},"4":{"name":"(anonymous_12)","decl":{"start":{"line":26,"column":18},"end":{"line":26,"column":31}},"loc":{"start":{"line":26,"column":82},"end":{"line":47,"column":null}}},"5":{"name":"(anonymous_14)","decl":{"start":{"line":49,"column":12},"end":{"line":49,"column":27}},"loc":{"start":{"line":49,"column":52},"end":{"line":54,"column":5}}},"6":{"name":"(anonymous_15)","decl":{"start":{"line":56,"column":17},"end":{"line":56,"column":27}},"loc":{"start":{"line":56,"column":27},"end":{"line":61,"column":null}}}},"branchMap":{"0":{"loc":{"start":{"line":29,"column":12},"end":{"line":42,"column":null}},"type":"switch","locations":[{"start":{"line":30,"column":16},"end":{"line":32,"column":26}},{"start":{"line":33,"column":16},"end":{"line":35,"column":26}},{"start":{"line":36,"column":16},"end":{"line":39,"column":26}},{"start":{"line":40,"column":16},"end":{"line":41,"column":26}}]},"1":{"loc":{"start":{"line":51,"column":8},"end":{"line":53,"column":null}},"type":"if","locations":[{"start":{"line":51,"column":8},"end":{"line":53,"column":null}}]},"2":{"loc":{"start":{"line":57,"column":8},"end":{"line":60,"column":null}},"type":"if","locations":[{"start":{"line":57,"column":8},"end":{"line":60,"column":null}}]}},"s":{"0":1,"1":1,"2":1,"3":1,"4":1,"5":1,"6":1,"7":6,"8":6,"9":6,"10":6,"11":6,"12":6,"13":6,"14":6,"15":6,"16":6,"17":6,"18":6,"19":6,"20":1,"21":1,"22":1,"23":1,"24":3,"25":3,"26":2,"27":1,"28":1,"29":1,"30":6,"31":6,"32":5,"33":1,"34":1,"35":1,"36":1},"f":{"0":6,"1":6,"2":6,"3":6,"4":6,"5":6,"6":1},"b":{"0":[1,1,3,1],"1":[5],"2":[1]}}
,"/Users/willjean/Desktop/Proyectos/Node/node-testing/src/app/server_app/utils/Utils.ts": {"path":"/Users/willjean/Desktop/Proyectos/Node/node-testing/src/app/server_app/utils/Utils.ts","statementMap":{"0":{"start":{"line":5,"column":4},"end":{"line":20,"column":7}},"1":{"start":{"line":6,"column":19},"end":{"line":6,"column":21}},"2":{"start":{"line":7,"column":8},"end":{"line":9,"column":11}},"3":{"start":{"line":8,"column":12},"end":{"line":8,"column":25}},"4":{"start":{"line":10,"column":8},"end":{"line":16,"column":11}},"5":{"start":{"line":11,"column":12},"end":{"line":15,"column":null}},"6":{"start":{"line":12,"column":16},"end":{"line":12,"column":42}},"7":{"start":{"line":14,"column":16},"end":{"line":14,"column":null}},"8":{"start":{"line":17,"column":8},"end":{"line":19,"column":11}},"9":{"start":{"line":18,"column":12},"end":{"line":18,"column":null}},"10":{"start":{"line":4,"column":0},"end":{"line":4,"column":22}}},"fnMap":{"0":{"name":"getRequestBody","decl":{"start":{"line":4,"column":22},"end":{"line":4,"column":36}},"loc":{"start":{"line":4,"column":61},"end":{"line":21,"column":null}}},"1":{"name":"(anonymous_9)","decl":{"start":{"line":5,"column":23},"end":{"line":5,"column":24}},"loc":{"start":{"line":5,"column":43},"end":{"line":20,"column":5}}},"2":{"name":"(anonymous_10)","decl":{"start":{"line":7,"column":27},"end":{"line":7,"column":28}},"loc":{"start":{"line":7,"column":44},"end":{"line":9,"column":9}}},"3":{"name":"(anonymous_11)","decl":{"start":{"line":10,"column":26},"end":{"line":10,"column":29}},"loc":{"start":{"line":10,"column":31},"end":{"line":16,"column":9}}},"4":{"name":"(anonymous_12)","decl":{"start":{"line":17,"column":28},"end":{"line":17,"column":29}},"loc":{"start":{"line":17,"column":43},"end":{"line":19,"column":9}}}},"branchMap":{},"s":{"0":3,"1":3,"2":3,"3":2,"4":3,"5":2,"6":2,"7":1,"8":3,"9":3,"10":4},"f":{"0":3,"1":3,"2":2,"3":2,"4":3},"b":{}}
}
