TN:
SF:src/app/server_app/auth/Authorizer.ts
FN:7,(anonymous_7)
FN:12,(anonymous_8)
FN:17,(anonymous_10)
FN:26,(anonymous_12)
FN:34,(anonymous_14)
FNF:5
FNH:4
FNDA:1,(anonymous_7)
FNDA:8,(anonymous_8)
FNDA:2,(anonymous_10)
FNDA:1,(anonymous_12)
FNDA:0,(anonymous_14)
DA:1,1
DA:2,1
DA:7,1
DA:9,1
DA:10,1
DA:13,8
DA:14,8
DA:18,2
DA:23,2
DA:27,1
DA:28,1
DA:29,1
DA:30,1
DA:35,0
LF:14
LH:13
BRDA:28,0,0,1
BRDA:28,1,0,1
BRDA:28,1,1,1
BRF:3
BRH:3
end_of_record
TN:
SF:src/app/server_app/data/DataBase.ts
FN:7,(anonymous_7)
FN:11,(anonymous_8)
FN:17,(anonymous_10)
FN:18,(anonymous_12)
FN:21,(anonymous_13)
FN:22,(anonymous_15)
FN:25,(anonymous_16)
FN:26,(anonymous_18)
FN:30,(anonymous_19)
FN:31,(anonymous_21)
FN:35,(anonymous_22)
FNF:11
FNH:9
FNDA:3,(anonymous_7)
FNDA:7,(anonymous_8)
FNDA:11,(anonymous_10)
FNDA:11,(anonymous_12)
FNDA:0,(anonymous_13)
FNDA:0,(anonymous_15)
FNDA:1,(anonymous_16)
FNDA:1,(anonymous_18)
FNDA:1,(anonymous_19)
FNDA:1,(anonymous_21)
FNDA:1,(anonymous_22)
DA:1,1
DA:7,1
DA:9,3
DA:12,7
DA:13,7
DA:14,7
DA:18,11
DA:22,0
DA:26,1
DA:27,1
DA:31,1
DA:32,1
DA:36,1
LF:13
LH:12
BRF:0
BRH:0
end_of_record
TN:
SF:src/app/server_app/data/IdGenerator.ts
FN:3,generateRandomId
FNF:1
FNH:1
FNDA:7,generateRandomId
DA:1,1
DA:3,1
DA:4,7
DA:5,7
LF:4
LH:4
BRF:0
BRH:0
end_of_record
TN:
SF:src/app/server_app/data/ReservationsDataAccess.ts
FN:4,(anonymous_7)
FN:8,(anonymous_8)
FN:13,(anonymous_10)
FN:21,(anonymous_12)
FN:25,(anonymous_14)
FN:30,(anonymous_16)
FNF:6
FNH:6
FNDA:1,(anonymous_7)
FNDA:4,(anonymous_8)
FNDA:1,(anonymous_10)
FNDA:1,(anonymous_12)
FNDA:2,(anonymous_14)
FNDA:1,(anonymous_16)
DA:2,1
DA:4,1
DA:6,1
DA:9,4
DA:10,4
DA:14,1
DA:22,1
DA:26,2
DA:27,2
DA:31,1
DA:32,1
LF:11
LH:11
BRF:0
BRH:0
end_of_record
TN:
SF:src/app/server_app/data/SessionTokenDataAccess.ts
FN:6,(anonymous_7)
FN:10,(anonymous_8)
FN:21,(anonymous_10)
FN:25,(anonymous_12)
FN:37,(anonymous_14)
FNF:5
FNH:4
FNDA:1,(anonymous_7)
FNDA:1,(anonymous_8)
FNDA:0,(anonymous_10)
FNDA:8,(anonymous_12)
FNDA:1,(anonymous_14)
DA:2,1
DA:6,1
DA:8,1
DA:11,1
DA:17,1
DA:18,1
DA:22,0
DA:26,8
DA:27,8
DA:31,8
DA:32,8
DA:34,0
DA:38,1
LF:13
LH:11
BRDA:31,0,0,8
BRF:1
BRH:1
end_of_record
TN:
SF:src/app/server_app/data/UserCredentialsDataAccess.ts
FN:4,(anonymous_7)
FN:8,(anonymous_8)
FN:13,(anonymous_10)
FN:18,(anonymous_12)
FNF:4
FNH:3
FNDA:1,(anonymous_7)
FNDA:2,(anonymous_8)
FNDA:0,(anonymous_10)
FNDA:1,(anonymous_12)
DA:2,1
DA:4,1
DA:6,1
DA:9,2
DA:10,2
DA:14,0
DA:15,0
DA:19,1
DA:20,1
LF:9
LH:7
BRF:0
BRH:0
end_of_record
TN:
SF:src/app/server_app/handlers/LoginHandler.ts
FN:16,(anonymous_7)
FN:22,(anonymous_8)
FN:32,(anonymous_10)
FNF:3
FNH:3
FNDA:1,(anonymous_7)
FNDA:1,(anonymous_8)
FNDA:1,(anonymous_10)
DA:4,1
DA:5,1
DA:10,1
DA:17,1
DA:18,1
DA:19,1
DA:23,1
DA:25,1
DA:26,1
DA:28,0
DA:33,1
DA:34,1
DA:35,1
DA:39,1
DA:40,1
DA:41,1
DA:42,1
DA:44,0
DA:45,0
DA:47,1
DA:49,0
DA:50,0
DA:51,0
LF:23
LH:17
BRDA:23,0,0,1
BRDA:23,0,1,0
BRDA:34,1,0,1
BRDA:34,2,0,1
BRDA:34,2,1,1
BRDA:39,3,0,1
BRDA:39,3,1,0
BRF:7
BRH:5
end_of_record
TN:
SF:src/app/server_app/handlers/RegisterHandler.ts
FN:14,(anonymous_7)
FN:20,(anonymous_8)
FN:31,(anonymous_10)
FNF:3
FNH:3
FNDA:2,(anonymous_7)
FNDA:2,(anonymous_8)
FNDA:2,(anonymous_10)
DA:4,1
DA:5,1
DA:8,1
DA:15,2
DA:16,2
DA:17,2
DA:21,2
DA:23,2
DA:24,2
DA:26,0
DA:32,2
DA:33,2
DA:34,2
DA:35,2
DA:36,2
DA:37,2
DA:40,2
DA:42,0
DA:43,0
DA:44,0
LF:20
LH:16
BRDA:21,0,0,2
BRDA:21,0,1,0
BRDA:33,1,0,2
BRDA:33,2,0,2
BRDA:33,2,1,2
BRF:5
BRH:4
end_of_record
TN:
SF:src/app/server_app/handlers/ReservationsHandler.ts
FN:17,(anonymous_7)
FN:27,(anonymous_8)
FN:57,(anonymous_10)
FN:66,(anonymous_12)
FN:80,(anonymous_14)
FN:104,(anonymous_16)
FN:138,(anonymous_18)
FN:153,(anonymous_20)
FN:160,(anonymous_21)
FN:184,(anonymous_22)
FNF:10
FNH:10
FNDA:8,(anonymous_7)
FNDA:8,(anonymous_8)
FNDA:8,(anonymous_10)
FNDA:4,(anonymous_12)
FNDA:2,(anonymous_14)
FNDA:1,(anonymous_16)
FNDA:1,(anonymous_18)
FNDA:4,(anonymous_20)
FNDA:1,(anonymous_21)
FNDA:4,(anonymous_22)
DA:5,1
DA:6,1
DA:10,1
DA:21,8
DA:22,8
DA:23,8
DA:24,8
DA:28,8
DA:29,8
DA:30,0
DA:31,0
DA:32,0
DA:35,8
DA:36,8
DA:38,4
DA:39,4
DA:41,2
DA:42,2
DA:44,1
DA:45,1
DA:47,1
DA:48,1
DA:50,0
DA:58,8
DA:59,8
DA:60,8
DA:61,8
DA:63,0
DA:67,4
DA:68,4
DA:69,0
DA:70,0
DA:71,0
DA:74,4
DA:75,4
DA:76,4
DA:77,4
DA:81,2
DA:82,2
DA:83,1
DA:84,1
DA:85,1
DA:86,1
DA:88,1
DA:89,1
DA:90,1
DA:91,1
DA:92,1
DA:94,0
DA:95,0
DA:98,0
DA:99,0
DA:105,1
DA:106,1
DA:107,1
DA:108,1
DA:109,1
DA:110,1
DA:111,1
DA:112,1
DA:118,1
DA:119,1
DA:121,0
DA:122,0
DA:127,0
DA:128,0
DA:131,0
DA:132,0
DA:139,1
DA:140,1
DA:141,1
DA:142,1
DA:143,1
DA:146,0
DA:147,0
DA:154,4
DA:155,4
DA:156,4
DA:161,1
DA:162,0
DA:164,1
DA:171,1
DA:172,1
DA:173,1
DA:174,1
DA:175,1
DA:176,1
DA:178,0
DA:181,1
DA:185,4
DA:186,0
DA:188,4
DA:195,4
DA:196,4
DA:197,4
DA:198,20
DA:199,0
DA:202,4
LF:98
LH:74
BRDA:29,0,0,0
BRDA:36,1,0,4
BRDA:36,1,1,2
BRDA:36,1,2,1
BRDA:36,1,3,1
BRDA:36,1,4,0
BRDA:59,2,0,8
BRDA:68,3,0,0
BRDA:82,4,0,1
BRDA:88,5,0,1
BRDA:88,5,1,0
BRDA:90,6,0,1
BRDA:90,6,1,0
BRDA:106,7,0,1
BRDA:106,7,1,0
BRDA:108,8,0,1
BRDA:108,8,1,0
BRDA:110,9,0,1
BRDA:110,9,1,0
BRDA:140,10,0,1
BRDA:140,10,1,0
BRDA:155,11,0,4
BRDA:161,12,0,0
BRDA:175,13,0,1
BRDA:175,13,1,0
BRDA:181,14,0,1
BRDA:181,14,1,1
BRDA:185,15,0,0
BRDA:198,16,0,0
BRF:29
BRH:16
end_of_record
TN:
SF:src/app/server_app/model/ServerModel.ts
FN:1,(anonymous_0)
FN:10,(anonymous_1)
FNF:2
FNH:2
FNDA:1,(anonymous_0)
FNDA:1,(anonymous_1)
DA:1,1
DA:2,1
DA:3,1
DA:4,1
DA:5,1
DA:6,1
DA:7,1
DA:10,1
DA:11,1
DA:12,1
DA:13,1
DA:14,1
DA:15,1
LF:13
LH:13
BRDA:1,0,0,1
BRDA:1,0,1,1
BRDA:10,1,0,1
BRDA:10,1,1,1
BRF:4
BRH:4
end_of_record
TN:
SF:src/app/server_app/server/Server.ts
FN:9,(anonymous_7)
FN:15,(anonymous_8)
FN:16,(anonymous_10)
FN:16,(anonymous_11)
FN:26,(anonymous_12)
FN:49,(anonymous_14)
FN:56,(anonymous_15)
FNF:7
FNH:7
FNDA:1,(anonymous_7)
FNDA:1,(anonymous_8)
FNDA:11,(anonymous_10)
FNDA:11,(anonymous_11)
FNDA:11,(anonymous_12)
FNDA:11,(anonymous_14)
FNDA:1,(anonymous_15)
DA:1,1
DA:2,1
DA:3,1
DA:4,1
DA:5,1
DA:6,1
DA:7,1
DA:9,1
DA:12,1
DA:13,1
DA:16,11
DA:17,11
DA:18,11
DA:19,11
DA:20,11
DA:22,1
DA:23,1
DA:27,11
DA:28,11
DA:29,11
DA:31,2
DA:32,2
DA:34,1
DA:35,1
DA:37,8
DA:38,8
DA:39,8
DA:41,0
DA:44,0
DA:45,0
DA:50,11
DA:51,11
DA:52,11
DA:57,1
DA:58,1
DA:59,1
LF:36
LH:33
BRDA:29,0,0,2
BRDA:29,0,1,1
BRDA:29,0,2,8
BRDA:29,0,3,0
BRDA:51,1,0,11
BRDA:57,2,0,1
BRF:6
BRH:5
end_of_record
TN:
SF:src/app/server_app/utils/Utils.ts
FN:4,getRequestBody
FN:5,(anonymous_9)
FN:7,(anonymous_10)
FN:10,(anonymous_11)
FN:17,(anonymous_12)
FNF:5
FNH:4
FNDA:8,getRequestBody
FNDA:8,(anonymous_9)
FNDA:8,(anonymous_10)
FNDA:8,(anonymous_11)
FNDA:0,(anonymous_12)
DA:4,1
DA:5,8
DA:6,8
DA:7,8
DA:8,8
DA:10,8
DA:11,8
DA:12,8
DA:14,0
DA:17,8
DA:18,0
LF:11
LH:9
BRF:0
BRH:0
end_of_record
