TN:
SF:src/app/server_app/auth/Authorizer.ts
FN:7,(anonymous_7)
FN:12,(anonymous_8)
FN:17,(anonymous_10)
FN:26,(anonymous_12)
FN:34,(anonymous_14)
FNF:5
FNH:4
FNDA:23,(anonymous_7)
FNDA:15,(anonymous_8)
FNDA:1,(anonymous_10)
FNDA:2,(anonymous_12)
FNDA:0,(anonymous_14)
DA:1,3
DA:2,3
DA:7,3
DA:9,23
DA:10,23
DA:13,15
DA:14,15
DA:18,1
DA:23,1
DA:27,2
DA:28,2
DA:29,1
DA:30,1
DA:35,0
LF:14
LH:13
BRDA:28,0,0,1
BRDA:28,1,0,2
BRDA:28,1,1,1
BRF:3
BRH:3
end_of_record
TN:
SF:src/app/server_app/data/DataBase.ts
FN:7,(anonymous_7)
FN:11,(anonymous_8)
FN:17,(anonymous_10)
FN:18,(anonymous_12)
FN:21,(anonymous_13)
FN:22,(anonymous_15)
FN:25,(anonymous_16)
FN:26,(anonymous_18)
FN:30,(anonymous_19)
FN:31,(anonymous_21)
FN:35,(anonymous_22)
FNF:11
FNH:3
FNDA:69,(anonymous_7)
FNDA:0,(anonymous_8)
FNDA:0,(anonymous_10)
FNDA:0,(anonymous_12)
FNDA:0,(anonymous_13)
FNDA:0,(anonymous_15)
FNDA:1,(anonymous_16)
FNDA:0,(anonymous_18)
FNDA:1,(anonymous_19)
FNDA:0,(anonymous_21)
FNDA:0,(anonymous_22)
DA:1,3
DA:7,3
DA:9,69
DA:12,0
DA:13,0
DA:14,0
DA:18,0
DA:22,0
DA:26,1
DA:27,1
DA:31,1
DA:32,1
DA:36,0
LF:13
LH:7
BRF:0
BRH:0
end_of_record
TN:
SF:src/app/server_app/data/IdGenerator.ts
FN:3,generateRandomId
FNF:1
FNH:0
FNDA:0,generateRandomId
DA:1,3
DA:3,3
DA:4,0
DA:5,0
LF:4
LH:2
BRF:0
BRH:0
end_of_record
TN:
SF:src/app/server_app/data/ReservationsDataAccess.ts
FN:4,(anonymous_7)
FN:8,(anonymous_8)
FN:13,(anonymous_10)
FN:21,(anonymous_12)
FN:25,(anonymous_14)
FN:30,(anonymous_16)
FNF:6
FNH:6
FNDA:23,(anonymous_7)
FNDA:1,(anonymous_8)
FNDA:1,(anonymous_10)
FNDA:1,(anonymous_12)
FNDA:6,(anonymous_14)
FNDA:1,(anonymous_16)
DA:2,3
DA:4,3
DA:6,23
DA:9,1
DA:10,1
DA:14,1
DA:22,1
DA:26,6
DA:27,6
DA:31,1
DA:32,1
LF:11
LH:11
BRF:0
BRH:0
end_of_record
TN:
SF:src/app/server_app/data/SessionTokenDataAccess.ts
FN:6,(anonymous_7)
FN:10,(anonymous_8)
FN:21,(anonymous_10)
FN:25,(anonymous_12)
FN:37,(anonymous_14)
FNF:5
FNH:4
FNDA:23,(anonymous_7)
FNDA:1,(anonymous_8)
FNDA:0,(anonymous_10)
FNDA:15,(anonymous_12)
FNDA:1,(anonymous_14)
DA:2,3
DA:6,3
DA:8,23
DA:11,1
DA:17,1
DA:18,1
DA:22,0
DA:26,15
DA:27,15
DA:31,15
DA:32,15
DA:34,0
DA:38,1
LF:13
LH:11
BRDA:31,0,0,15
BRF:1
BRH:1
end_of_record
TN:
SF:src/app/server_app/data/UserCredentialsDataAccess.ts
FN:4,(anonymous_7)
FN:8,(anonymous_8)
FN:13,(anonymous_10)
FN:18,(anonymous_12)
FNF:4
FNH:3
FNDA:23,(anonymous_7)
FNDA:1,(anonymous_8)
FNDA:0,(anonymous_10)
FNDA:2,(anonymous_12)
DA:2,3
DA:4,3
DA:6,23
DA:9,1
DA:10,1
DA:14,0
DA:15,0
DA:19,2
DA:20,2
LF:9
LH:7
BRF:0
BRH:0
end_of_record
TN:
SF:src/app/server_app/handlers/LoginHandler.ts
FN:16,(anonymous_7)
FN:22,(anonymous_8)
FN:32,(anonymous_10)
FNF:3
FNH:3
FNDA:4,(anonymous_7)
FNDA:4,(anonymous_8)
FNDA:3,(anonymous_10)
DA:4,3
DA:5,3
DA:10,3
DA:17,4
DA:18,4
DA:19,4
DA:23,4
DA:25,3
DA:26,3
DA:28,1
DA:33,3
DA:34,3
DA:35,2
DA:39,2
DA:40,1
DA:41,1
DA:42,1
DA:44,1
DA:45,1
DA:47,2
DA:49,1
DA:50,1
DA:51,1
LF:23
LH:23
BRDA:23,0,0,3
BRDA:23,0,1,1
BRDA:34,1,0,2
BRDA:34,2,0,3
BRDA:34,2,1,2
BRDA:39,3,0,1
BRDA:39,3,1,1
BRF:7
BRH:7
end_of_record
TN:
SF:src/app/server_app/handlers/RegisterHandler.ts
FN:14,(anonymous_7)
FN:20,(anonymous_8)
FN:31,(anonymous_10)
FNF:3
FNH:3
FNDA:3,(anonymous_7)
FNDA:3,(anonymous_8)
FNDA:2,(anonymous_10)
DA:4,3
DA:5,3
DA:8,3
DA:15,3
DA:16,3
DA:17,3
DA:21,3
DA:23,2
DA:24,2
DA:26,1
DA:32,2
DA:33,2
DA:34,1
DA:35,1
DA:36,1
DA:37,1
DA:40,1
DA:42,1
DA:43,1
DA:44,1
LF:20
LH:20
BRDA:21,0,0,2
BRDA:21,0,1,1
BRDA:33,1,0,1
BRDA:33,2,0,2
BRDA:33,2,1,1
BRF:5
BRH:5
end_of_record
TN:
SF:src/app/server_app/handlers/ReservationsHandler.ts
FN:17,(anonymous_7)
FN:27,(anonymous_8)
FN:58,(anonymous_10)
FN:67,(anonymous_12)
FN:81,(anonymous_14)
FN:105,(anonymous_16)
FN:139,(anonymous_18)
FN:154,(anonymous_20)
FN:161,(anonymous_21)
FN:185,(anonymous_22)
FNF:10
FNH:10
FNDA:16,(anonymous_7)
FNDA:16,(anonymous_8)
FNDA:16,(anonymous_10)
FNDA:3,(anonymous_12)
FNDA:4,(anonymous_14)
FNDA:5,(anonymous_16)
FNDA:2,(anonymous_18)
FNDA:11,(anonymous_20)
FNDA:3,(anonymous_21)
FNDA:3,(anonymous_22)
DA:5,3
DA:6,3
DA:10,3
DA:21,16
DA:22,16
DA:23,16
DA:24,16
DA:28,16
DA:29,16
DA:30,16
DA:31,1
DA:32,1
DA:33,1
DA:36,15
DA:37,15
DA:39,3
DA:40,3
DA:42,4
DA:43,4
DA:45,5
DA:46,4
DA:48,2
DA:49,2
DA:51,1
DA:59,16
DA:60,16
DA:61,15
DA:62,15
DA:64,1
DA:68,3
DA:69,3
DA:70,2
DA:71,2
DA:72,2
DA:75,1
DA:76,1
DA:77,1
DA:78,1
DA:82,4
DA:83,4
DA:84,1
DA:85,1
DA:86,1
DA:87,1
DA:89,3
DA:90,2
DA:91,2
DA:92,1
DA:93,1
DA:95,1
DA:96,1
DA:99,1
DA:100,1
DA:106,5
DA:107,5
DA:108,4
DA:109,4
DA:110,3
DA:111,3
DA:112,1
DA:113,1
DA:119,0
DA:120,0
DA:122,2
DA:123,2
DA:128,1
DA:129,1
DA:132,1
DA:133,1
DA:140,2
DA:141,2
DA:142,1
DA:143,1
DA:144,1
DA:147,1
DA:148,1
DA:155,11
DA:156,11
DA:157,11
DA:162,3
DA:163,1
DA:165,2
DA:172,2
DA:173,2
DA:174,2
DA:175,2
DA:176,2
DA:177,1
DA:179,1
DA:182,2
DA:186,3
DA:187,1
DA:189,2
DA:196,2
DA:197,2
DA:198,2
DA:199,6
DA:200,1
DA:203,2
LF:99
LH:97
BRDA:30,0,0,1
BRDA:37,1,0,3
BRDA:37,1,1,4
BRDA:37,1,2,5
BRDA:37,1,3,2
BRDA:37,1,4,1
BRDA:60,2,0,15
BRDA:69,3,0,2
BRDA:83,4,0,1
BRDA:89,5,0,2
BRDA:89,5,1,1
BRDA:91,6,0,1
BRDA:91,6,1,1
BRDA:107,7,0,4
BRDA:107,7,1,1
BRDA:109,8,0,3
BRDA:109,8,1,1
BRDA:111,9,0,1
BRDA:111,9,1,2
BRDA:141,10,0,1
BRDA:141,10,1,1
BRDA:156,11,0,11
BRDA:162,12,0,1
BRDA:176,13,0,1
BRDA:176,13,1,1
BRDA:182,14,0,2
BRDA:182,14,1,1
BRDA:186,15,0,1
BRDA:199,16,0,1
BRF:29
BRH:29
end_of_record
TN:
SF:src/app/server_app/model/ServerModel.ts
FN:1,(anonymous_0)
FN:10,(anonymous_1)
FNF:2
FNH:2
FNDA:3,(anonymous_0)
FNDA:3,(anonymous_1)
DA:1,3
DA:2,3
DA:3,3
DA:4,3
DA:5,3
DA:6,3
DA:7,3
DA:10,3
DA:11,3
DA:12,3
DA:13,3
DA:14,3
DA:15,3
LF:13
LH:13
BRDA:1,0,0,3
BRDA:1,0,1,3
BRDA:10,1,0,3
BRDA:10,1,1,3
BRF:4
BRH:4
end_of_record
TN:
SF:src/app/server_app/server/Server.ts
FN:9,(anonymous_7)
FN:15,(anonymous_8)
FN:16,(anonymous_10)
FN:16,(anonymous_11)
FN:26,(anonymous_12)
FN:49,(anonymous_14)
FN:56,(anonymous_15)
FNF:7
FNH:6
FNDA:23,(anonymous_7)
FNDA:23,(anonymous_8)
FNDA:23,(anonymous_10)
FNDA:23,(anonymous_11)
FNDA:23,(anonymous_12)
FNDA:23,(anonymous_14)
FNDA:0,(anonymous_15)
DA:1,3
DA:2,3
DA:3,3
DA:4,3
DA:5,3
DA:6,3
DA:7,3
DA:9,3
DA:12,23
DA:13,23
DA:16,23
DA:17,23
DA:18,23
DA:19,23
DA:20,23
DA:22,23
DA:23,23
DA:27,23
DA:28,23
DA:29,23
DA:31,3
DA:32,3
DA:34,4
DA:35,4
DA:37,16
DA:38,16
DA:39,16
DA:41,0
DA:44,0
DA:45,0
DA:50,23
DA:51,23
DA:52,23
DA:57,0
DA:58,0
DA:59,0
LF:36
LH:30
BRDA:29,0,0,3
BRDA:29,0,1,4
BRDA:29,0,2,16
BRDA:29,0,3,0
BRDA:51,1,0,23
BRDA:57,2,0,0
BRF:6
BRH:4
end_of_record
TN:
SF:src/app/server_app/utils/Utils.ts
FN:4,getRequestBody
FN:5,(anonymous_9)
FN:7,(anonymous_10)
FN:10,(anonymous_11)
FN:17,(anonymous_12)
FNF:5
FNH:5
FNDA:11,getRequestBody
FNDA:11,(anonymous_9)
FNDA:11,(anonymous_10)
FNDA:11,(anonymous_11)
FNDA:11,(anonymous_12)
DA:4,3
DA:5,11
DA:6,11
DA:7,11
DA:8,11
DA:10,11
DA:11,11
DA:12,11
DA:14,0
DA:17,11
DA:18,11
LF:11
LH:10
BRF:0
BRH:0
end_of_record
